CRITICAL - 2024-01-31 20:54:19 --> Call to undefined method CodeIgniter\HTTP\IncomingRequest::getHttpClient()
in APPPATH\Controllers\Keycloak.php on line 18.
 1 SYSTEMPATH\CodeIgniter.php(889): App\Controllers\Keycloak->__construct()
 2 SYSTEMPATH\CodeIgniter.php(473): CodeIgniter\CodeIgniter->createController()
 3 SYSTEMPATH\CodeIgniter.php(351): CodeIgniter\CodeIgniter->handleRequest(null, Object(Config\Cache), false)
 4 FCPATH\index.php(67): CodeIgniter\CodeIgniter->run()
 5 SYSTEMPATH\Commands\Server\rewrite.php(46): require_once('FCPATH\\index.php')
CRITICAL - 2024-01-31 20:56:02 --> App\Libraries\Authkeycloak::getRedirectUri(): Return value must be of type string, none returned
in APPPATH\Libraries\Authkeycloak.php on line 28.
 1 VENDORPATH\ataccama\keycloak-adapter\src\Auth\Auth.php(177): App\Libraries\Authkeycloak->getRedirectUri()
 2 APPPATH\Libraries\Authkeycloak.php(10): Ataccama\Auth\Auth->getLoginUrl()
 3 APPPATH\Controllers\SigninController.php(27): App\Libraries\Authkeycloak->getLoginUrl()
 4 SYSTEMPATH\CodeIgniter.php(927): App\Controllers\SigninController->loginAuth()
 5 SYSTEMPATH\CodeIgniter.php(482): CodeIgniter\CodeIgniter->runController(Object(App\Controllers\SigninController))
 6 SYSTEMPATH\CodeIgniter.php(351): CodeIgniter\CodeIgniter->handleRequest(null, Object(Config\Cache), false)
 7 FCPATH\index.php(67): CodeIgniter\CodeIgniter->run()
 8 SYSTEMPATH\Commands\Server\rewrite.php(46): require_once('FCPATH\\index.php')
CRITICAL - 2024-01-31 20:57:14 --> App\Libraries\Authkeycloak::getRedirectUri(): Return value must be of type string, none returned
in APPPATH\Libraries\Authkeycloak.php on line 28.
 1 VENDORPATH\ataccama\keycloak-adapter\src\Auth\Auth.php(177): App\Libraries\Authkeycloak->getRedirectUri()
 2 APPPATH\Libraries\Authkeycloak.php(10): Ataccama\Auth\Auth->getLoginUrl()
 3 APPPATH\Controllers\SigninController.php(27): App\Libraries\Authkeycloak->getLoginUrl()
 4 SYSTEMPATH\CodeIgniter.php(927): App\Controllers\SigninController->loginAuth()
 5 SYSTEMPATH\CodeIgniter.php(482): CodeIgniter\CodeIgniter->runController(Object(App\Controllers\SigninController))
 6 SYSTEMPATH\CodeIgniter.php(351): CodeIgniter\CodeIgniter->handleRequest(null, Object(Config\Cache), false)
 7 FCPATH\index.php(67): CodeIgniter\CodeIgniter->run()
 8 SYSTEMPATH\Commands\Server\rewrite.php(46): require_once('FCPATH\\index.php')
CRITICAL - 2024-01-31 20:57:17 --> App\Libraries\Authkeycloak::getRedirectUri(): Return value must be of type string, none returned
in APPPATH\Libraries\Authkeycloak.php on line 28.
 1 VENDORPATH\ataccama\keycloak-adapter\src\Auth\Auth.php(177): App\Libraries\Authkeycloak->getRedirectUri()
 2 APPPATH\Libraries\Authkeycloak.php(10): Ataccama\Auth\Auth->getLoginUrl()
 3 APPPATH\Controllers\SigninController.php(27): App\Libraries\Authkeycloak->getLoginUrl()
 4 SYSTEMPATH\CodeIgniter.php(927): App\Controllers\SigninController->loginAuth()
 5 SYSTEMPATH\CodeIgniter.php(482): CodeIgniter\CodeIgniter->runController(Object(App\Controllers\SigninController))
 6 SYSTEMPATH\CodeIgniter.php(351): CodeIgniter\CodeIgniter->handleRequest(null, Object(Config\Cache), false)
 7 FCPATH\index.php(67): CodeIgniter\CodeIgniter->run()
 8 SYSTEMPATH\Commands\Server\rewrite.php(46): require_once('FCPATH\\index.php')
CRITICAL - 2024-01-31 20:57:52 --> Call to undefined method CodeIgniter\HTTP\IncomingRequest::getHttpClient()
in APPPATH\Controllers\Keycloak.php on line 18.
 1 SYSTEMPATH\CodeIgniter.php(889): App\Controllers\Keycloak->__construct()
 2 SYSTEMPATH\CodeIgniter.php(473): CodeIgniter\CodeIgniter->createController()
 3 SYSTEMPATH\CodeIgniter.php(351): CodeIgniter\CodeIgniter->handleRequest(null, Object(Config\Cache), false)
 4 FCPATH\index.php(67): CodeIgniter\CodeIgniter->run()
 5 SYSTEMPATH\Commands\Server\rewrite.php(46): require_once('FCPATH\\index.php')
CRITICAL - 2024-01-31 21:02:10 --> Undefined variable $userInfo
in APPPATH\Views\index.php on line 11.
 1 APPPATH\Views\index.php(11): CodeIgniter\Debug\Exceptions->errorHandler(2, 'Undefined variable $userInfo', 'APPPATH\\Views\\index.php', 11)
 2 SYSTEMPATH\View\View.php(213): include('APPPATH\\Views\\index.php')
 3 SYSTEMPATH\View\View.php(216): CodeIgniter\View\View->CodeIgniter\View\{closure}()
 4 SYSTEMPATH\Common.php(1134): CodeIgniter\View\View->render('index', [], true)
 5 APPPATH\Controllers\Home.php(10): view('index')
 6 SYSTEMPATH\CodeIgniter.php(927): App\Controllers\Home->index()
 7 SYSTEMPATH\CodeIgniter.php(482): CodeIgniter\CodeIgniter->runController(Object(App\Controllers\Home))
 8 SYSTEMPATH\CodeIgniter.php(351): CodeIgniter\CodeIgniter->handleRequest(null, Object(Config\Cache), false)
 9 FCPATH\index.php(67): CodeIgniter\CodeIgniter->run()
10 SYSTEMPATH\Commands\Server\rewrite.php(46): require_once('FCPATH\\index.php')
CRITICAL - 2024-01-31 21:44:34 --> Undefined variable $userInfo
in APPPATH\Views\home.php on line 11.
 1 APPPATH\Views\home.php(11): CodeIgniter\Debug\Exceptions->errorHandler(2, 'Undefined variable $userInfo', 'APPPATH\\Views\\home.php', 11)
 2 SYSTEMPATH\View\View.php(213): include('APPPATH\\Views\\home.php')
 3 SYSTEMPATH\View\View.php(216): CodeIgniter\View\View->CodeIgniter\View\{closure}()
 4 SYSTEMPATH\Common.php(1134): CodeIgniter\View\View->render('home', [], true)
 5 APPPATH\Controllers\Home.php(31): view('home')
 6 SYSTEMPATH\CodeIgniter.php(927): App\Controllers\Home->dash()
 7 SYSTEMPATH\CodeIgniter.php(482): CodeIgniter\CodeIgniter->runController(Object(App\Controllers\Home))
 8 SYSTEMPATH\CodeIgniter.php(351): CodeIgniter\CodeIgniter->handleRequest(null, Object(Config\Cache), false)
 9 FCPATH\index.php(67): CodeIgniter\CodeIgniter->run()
10 SYSTEMPATH\Commands\Server\rewrite.php(46): require_once('FCPATH\\index.php')
CRITICAL - 2024-01-31 21:47:15 --> Invalid file: home/index.php
in SYSTEMPATH\Exceptions\FrameworkException.php on line 33.
 1 SYSTEMPATH\View\View.php(201): CodeIgniter\Exceptions\FrameworkException::forInvalidFile('home/index.php')
 2 SYSTEMPATH\Common.php(1134): CodeIgniter\View\View->render('home/index', [], true)
 3 APPPATH\Controllers\Home.php(38): view('home/index', [...])
 4 SYSTEMPATH\CodeIgniter.php(927): App\Controllers\Home->dash()
 5 SYSTEMPATH\CodeIgniter.php(482): CodeIgniter\CodeIgniter->runController(Object(App\Controllers\Home))
 6 SYSTEMPATH\CodeIgniter.php(351): CodeIgniter\CodeIgniter->handleRequest(null, Object(Config\Cache), false)
 7 FCPATH\index.php(67): CodeIgniter\CodeIgniter->run()
 8 SYSTEMPATH\Commands\Server\rewrite.php(46): require_once('FCPATH\\index.php')
CRITICAL - 2024-01-31 21:47:28 --> Invalid file: home/index.php
in SYSTEMPATH\Exceptions\FrameworkException.php on line 33.
 1 SYSTEMPATH\View\View.php(201): CodeIgniter\Exceptions\FrameworkException::forInvalidFile('home/index.php')
 2 SYSTEMPATH\Common.php(1134): CodeIgniter\View\View->render('home/index', [], true)
 3 APPPATH\Controllers\Home.php(38): view('home/index', [...])
 4 SYSTEMPATH\CodeIgniter.php(927): App\Controllers\Home->dash()
 5 SYSTEMPATH\CodeIgniter.php(482): CodeIgniter\CodeIgniter->runController(Object(App\Controllers\Home))
 6 SYSTEMPATH\CodeIgniter.php(351): CodeIgniter\CodeIgniter->handleRequest(null, Object(Config\Cache), false)
 7 FCPATH\index.php(67): CodeIgniter\CodeIgniter->run()
 8 SYSTEMPATH\Commands\Server\rewrite.php(46): require_once('FCPATH\\index.php')
CRITICAL - 2024-01-31 21:47:35 --> Invalid file: home/index.php
in SYSTEMPATH\Exceptions\FrameworkException.php on line 33.
 1 SYSTEMPATH\View\View.php(201): CodeIgniter\Exceptions\FrameworkException::forInvalidFile('home/index.php')
 2 SYSTEMPATH\Common.php(1134): CodeIgniter\View\View->render('home/index', [], true)
 3 APPPATH\Controllers\Home.php(38): view('home/index', [...])
 4 SYSTEMPATH\CodeIgniter.php(927): App\Controllers\Home->dash()
 5 SYSTEMPATH\CodeIgniter.php(482): CodeIgniter\CodeIgniter->runController(Object(App\Controllers\Home))
 6 SYSTEMPATH\CodeIgniter.php(351): CodeIgniter\CodeIgniter->handleRequest(null, Object(Config\Cache), false)
 7 FCPATH\index.php(67): CodeIgniter\CodeIgniter->run()
 8 SYSTEMPATH\Commands\Server\rewrite.php(46): require_once('FCPATH\\index.php')
CRITICAL - 2024-01-31 21:47:49 --> Invalid file: home/index.php
in SYSTEMPATH\Exceptions\FrameworkException.php on line 33.
 1 SYSTEMPATH\View\View.php(201): CodeIgniter\Exceptions\FrameworkException::forInvalidFile('home/index.php')
 2 SYSTEMPATH\Common.php(1134): CodeIgniter\View\View->render('home/index', [], true)
 3 APPPATH\Controllers\Home.php(38): view('home/index', [...])
 4 SYSTEMPATH\CodeIgniter.php(927): App\Controllers\Home->dash()
 5 SYSTEMPATH\CodeIgniter.php(482): CodeIgniter\CodeIgniter->runController(Object(App\Controllers\Home))
 6 SYSTEMPATH\CodeIgniter.php(351): CodeIgniter\CodeIgniter->handleRequest(null, Object(Config\Cache), false)
 7 FCPATH\index.php(67): CodeIgniter\CodeIgniter->run()
 8 SYSTEMPATH\Commands\Server\rewrite.php(46): require_once('FCPATH\\index.php')
CRITICAL - 2024-01-31 21:48:19 --> Invalid file: home/index.php
in SYSTEMPATH\Exceptions\FrameworkException.php on line 33.
 1 SYSTEMPATH\View\View.php(201): CodeIgniter\Exceptions\FrameworkException::forInvalidFile('home/index.php')
 2 SYSTEMPATH\Common.php(1134): CodeIgniter\View\View->render('home/index', [], true)
 3 APPPATH\Controllers\Home.php(38): view('home/index', [...])
 4 SYSTEMPATH\CodeIgniter.php(927): App\Controllers\Home->dash()
 5 SYSTEMPATH\CodeIgniter.php(482): CodeIgniter\CodeIgniter->runController(Object(App\Controllers\Home))
 6 SYSTEMPATH\CodeIgniter.php(351): CodeIgniter\CodeIgniter->handleRequest(null, Object(Config\Cache), false)
 7 FCPATH\index.php(67): CodeIgniter\CodeIgniter->run()
 8 SYSTEMPATH\Commands\Server\rewrite.php(46): require_once('FCPATH\\index.php')
CRITICAL - 2024-01-31 21:48:20 --> Invalid file: home/index.php
in SYSTEMPATH\Exceptions\FrameworkException.php on line 33.
 1 SYSTEMPATH\View\View.php(201): CodeIgniter\Exceptions\FrameworkException::forInvalidFile('home/index.php')
 2 SYSTEMPATH\Common.php(1134): CodeIgniter\View\View->render('home/index', [], true)
 3 APPPATH\Controllers\Home.php(38): view('home/index', [...])
 4 SYSTEMPATH\CodeIgniter.php(927): App\Controllers\Home->dash()
 5 SYSTEMPATH\CodeIgniter.php(482): CodeIgniter\CodeIgniter->runController(Object(App\Controllers\Home))
 6 SYSTEMPATH\CodeIgniter.php(351): CodeIgniter\CodeIgniter->handleRequest(null, Object(Config\Cache), false)
 7 FCPATH\index.php(67): CodeIgniter\CodeIgniter->run()
 8 SYSTEMPATH\Commands\Server\rewrite.php(46): require_once('FCPATH\\index.php')
CRITICAL - 2024-01-31 21:48:21 --> Invalid file: home/index.php
in SYSTEMPATH\Exceptions\FrameworkException.php on line 33.
 1 SYSTEMPATH\View\View.php(201): CodeIgniter\Exceptions\FrameworkException::forInvalidFile('home/index.php')
 2 SYSTEMPATH\Common.php(1134): CodeIgniter\View\View->render('home/index', [], true)
 3 APPPATH\Controllers\Home.php(38): view('home/index', [...])
 4 SYSTEMPATH\CodeIgniter.php(927): App\Controllers\Home->dash()
 5 SYSTEMPATH\CodeIgniter.php(482): CodeIgniter\CodeIgniter->runController(Object(App\Controllers\Home))
 6 SYSTEMPATH\CodeIgniter.php(351): CodeIgniter\CodeIgniter->handleRequest(null, Object(Config\Cache), false)
 7 FCPATH\index.php(67): CodeIgniter\CodeIgniter->run()
 8 SYSTEMPATH\Commands\Server\rewrite.php(46): require_once('FCPATH\\index.php')
CRITICAL - 2024-01-31 21:58:41 --> Invalid file: home/index.php
in SYSTEMPATH\Exceptions\FrameworkException.php on line 33.
 1 SYSTEMPATH\View\View.php(201): CodeIgniter\Exceptions\FrameworkException::forInvalidFile('home/index.php')
 2 SYSTEMPATH\Common.php(1134): CodeIgniter\View\View->render('home/index', [], true)
 3 APPPATH\Controllers\Home.php(34): view('home/index', [...])
 4 SYSTEMPATH\CodeIgniter.php(927): App\Controllers\Home->dash()
 5 SYSTEMPATH\CodeIgniter.php(482): CodeIgniter\CodeIgniter->runController(Object(App\Controllers\Home))
 6 SYSTEMPATH\CodeIgniter.php(351): CodeIgniter\CodeIgniter->handleRequest(null, Object(Config\Cache), false)
 7 FCPATH\index.php(67): CodeIgniter\CodeIgniter->run()
 8 SYSTEMPATH\Commands\Server\rewrite.php(46): require_once('FCPATH\\index.php')
CRITICAL - 2024-01-31 21:58:55 --> Invalid file: home/index.php
in SYSTEMPATH\Exceptions\FrameworkException.php on line 33.
 1 SYSTEMPATH\View\View.php(201): CodeIgniter\Exceptions\FrameworkException::forInvalidFile('home/index.php')
 2 SYSTEMPATH\Common.php(1134): CodeIgniter\View\View->render('home/index', [], true)
 3 APPPATH\Controllers\Home.php(34): view('home/index', [...])
 4 SYSTEMPATH\CodeIgniter.php(927): App\Controllers\Home->dash()
 5 SYSTEMPATH\CodeIgniter.php(482): CodeIgniter\CodeIgniter->runController(Object(App\Controllers\Home))
 6 SYSTEMPATH\CodeIgniter.php(351): CodeIgniter\CodeIgniter->handleRequest(null, Object(Config\Cache), false)
 7 FCPATH\index.php(67): CodeIgniter\CodeIgniter->run()
 8 SYSTEMPATH\Commands\Server\rewrite.php(46): require_once('FCPATH\\index.php')
