CRITICAL - 2024-02-01 04:02:15 --> Invalid file: home/index.php
in SYSTEMPATH\Exceptions\FrameworkException.php on line 33.
 1 SYSTEMPATH\View\View.php(201): CodeIgniter\Exceptions\FrameworkException::forInvalidFile('home/index.php')
 2 SYSTEMPATH\Common.php(1134): CodeIgniter\View\View->render('home/index', [], true)
 3 APPPATH\Controllers\Home.php(34): view('home/index', [...])
 4 SYSTEMPATH\CodeIgniter.php(927): App\Controllers\Home->dash()
 5 SYSTEMPATH\CodeIgniter.php(482): CodeIgniter\CodeIgniter->runController(Object(App\Controllers\Home))
 6 SYSTEMPATH\CodeIgniter.php(351): CodeIgniter\CodeIgniter->handleRequest(null, Object(Config\Cache), false)
 7 FCPATH\index.php(67): CodeIgniter\CodeIgniter->run()
 8 SYSTEMPATH\Commands\Server\rewrite.php(46): require_once('FCPATH\\index.php')
CRITICAL - 2024-02-01 04:22:42 --> Undefined variable $keycloak_base_url
in APPPATH\Views\dash.php on line 29.
 1 APPPATH\Views\dash.php(29): CodeIgniter\Debug\Exceptions->errorHandler(2, 'Undefined variable $keycloak_base_url', 'APPPATH\\Views\\dash.php', 29)
 2 SYSTEMPATH\View\View.php(213): include('APPPATH\\Views\\dash.php')
 3 SYSTEMPATH\View\View.php(216): CodeIgniter\View\View->CodeIgniter\View\{closure}()
 4 SYSTEMPATH\Common.php(1134): CodeIgniter\View\View->render('dash', [], true)
 5 APPPATH\Controllers\Home.php(34): view('dash', [...])
 6 SYSTEMPATH\CodeIgniter.php(927): App\Controllers\Home->dash()
 7 SYSTEMPATH\CodeIgniter.php(482): CodeIgniter\CodeIgniter->runController(Object(App\Controllers\Home))
 8 SYSTEMPATH\CodeIgniter.php(351): CodeIgniter\CodeIgniter->handleRequest(null, Object(Config\Cache), false)
 9 FCPATH\index.php(67): CodeIgniter\CodeIgniter->run()
10 SYSTEMPATH\Commands\Server\rewrite.php(46): require_once('FCPATH\\index.php')
CRITICAL - 2024-02-01 04:24:21 --> Undefined variable $keycloak_base_url
in APPPATH\Views\dash.php on line 29.
 1 APPPATH\Views\dash.php(29): CodeIgniter\Debug\Exceptions->errorHandler(2, 'Undefined variable $keycloak_base_url', 'APPPATH\\Views\\dash.php', 29)
 2 SYSTEMPATH\View\View.php(213): include('APPPATH\\Views\\dash.php')
 3 SYSTEMPATH\View\View.php(216): CodeIgniter\View\View->CodeIgniter\View\{closure}()
 4 SYSTEMPATH\Common.php(1134): CodeIgniter\View\View->render('dash', [], true)
 5 APPPATH\Controllers\Home.php(36): view('dash', [...])
 6 SYSTEMPATH\CodeIgniter.php(927): App\Controllers\Home->dash()
 7 SYSTEMPATH\CodeIgniter.php(482): CodeIgniter\CodeIgniter->runController(Object(App\Controllers\Home))
 8 SYSTEMPATH\CodeIgniter.php(351): CodeIgniter\CodeIgniter->handleRequest(null, Object(Config\Cache), false)
 9 FCPATH\index.php(67): CodeIgniter\CodeIgniter->run()
10 SYSTEMPATH\Commands\Server\rewrite.php(46): require_once('FCPATH\\index.php')
CRITICAL - 2024-02-01 04:24:26 --> Undefined variable $keycloak_base_url
in APPPATH\Views\dash.php on line 29.
 1 APPPATH\Views\dash.php(29): CodeIgniter\Debug\Exceptions->errorHandler(2, 'Undefined variable $keycloak_base_url', 'APPPATH\\Views\\dash.php', 29)
 2 SYSTEMPATH\View\View.php(213): include('APPPATH\\Views\\dash.php')
 3 SYSTEMPATH\View\View.php(216): CodeIgniter\View\View->CodeIgniter\View\{closure}()
 4 SYSTEMPATH\Common.php(1134): CodeIgniter\View\View->render('dash', [], true)
 5 APPPATH\Controllers\Home.php(36): view('dash', [...])
 6 SYSTEMPATH\CodeIgniter.php(927): App\Controllers\Home->dash()
 7 SYSTEMPATH\CodeIgniter.php(482): CodeIgniter\CodeIgniter->runController(Object(App\Controllers\Home))
 8 SYSTEMPATH\CodeIgniter.php(351): CodeIgniter\CodeIgniter->handleRequest(null, Object(Config\Cache), false)
 9 FCPATH\index.php(67): CodeIgniter\CodeIgniter->run()
10 SYSTEMPATH\Commands\Server\rewrite.php(46): require_once('FCPATH\\index.php')
CRITICAL - 2024-02-01 04:24:39 --> Undefined variable $keycloak_base_url
in APPPATH\Views\dash.php on line 29.
 1 APPPATH\Views\dash.php(29): CodeIgniter\Debug\Exceptions->errorHandler(2, 'Undefined variable $keycloak_base_url', 'APPPATH\\Views\\dash.php', 29)
 2 SYSTEMPATH\View\View.php(213): include('APPPATH\\Views\\dash.php')
 3 SYSTEMPATH\View\View.php(216): CodeIgniter\View\View->CodeIgniter\View\{closure}()
 4 SYSTEMPATH\Common.php(1134): CodeIgniter\View\View->render('dash', [], true)
 5 APPPATH\Controllers\Home.php(36): view('dash', [...])
 6 SYSTEMPATH\CodeIgniter.php(927): App\Controllers\Home->dash()
 7 SYSTEMPATH\CodeIgniter.php(482): CodeIgniter\CodeIgniter->runController(Object(App\Controllers\Home))
 8 SYSTEMPATH\CodeIgniter.php(351): CodeIgniter\CodeIgniter->handleRequest(null, Object(Config\Cache), false)
 9 FCPATH\index.php(67): CodeIgniter\CodeIgniter->run()
10 SYSTEMPATH\Commands\Server\rewrite.php(46): require_once('FCPATH\\index.php')
CRITICAL - 2024-02-01 04:24:43 --> Undefined variable $keycloak_base_url
in APPPATH\Views\dash.php on line 29.
 1 APPPATH\Views\dash.php(29): CodeIgniter\Debug\Exceptions->errorHandler(2, 'Undefined variable $keycloak_base_url', 'APPPATH\\Views\\dash.php', 29)
 2 SYSTEMPATH\View\View.php(213): include('APPPATH\\Views\\dash.php')
 3 SYSTEMPATH\View\View.php(216): CodeIgniter\View\View->CodeIgniter\View\{closure}()
 4 SYSTEMPATH\Common.php(1134): CodeIgniter\View\View->render('dash', [], true)
 5 APPPATH\Controllers\Home.php(36): view('dash', [...])
 6 SYSTEMPATH\CodeIgniter.php(927): App\Controllers\Home->dash()
 7 SYSTEMPATH\CodeIgniter.php(482): CodeIgniter\CodeIgniter->runController(Object(App\Controllers\Home))
 8 SYSTEMPATH\CodeIgniter.php(351): CodeIgniter\CodeIgniter->handleRequest(null, Object(Config\Cache), false)
 9 FCPATH\index.php(67): CodeIgniter\CodeIgniter->run()
10 SYSTEMPATH\Commands\Server\rewrite.php(46): require_once('FCPATH\\index.php')
